生成启动时间为 2013/5/29 9:35:20。
     1>项目“C:\Users\zhangzhizhi\Documents\Visual Studio 2010\Projects\ADOConnetion\ADOConnetion\ADOConnetion.vcxproj”在节点 2 上(build 个目标)。
     1>InitializeBuildStatus:
         正在对“Debug\ADOConnetion.unsuccessfulbuild”执行 Touch 任务。
       ClCompile:
         所有输出均为最新。
         c:\Program Files (x86)\Microsoft Visual Studio 10.0\VC\bin\CL.exe /c /I"C:\Program Files\Common Files\System\ado" /ZI /nologo /W3 /WX- /Od /Oy- /D WIN32 /D _DEBUG /D _CONSOLE /D _UNICODE /D UNICODE /Gm /EHsc /RTC1 /MDd /GS /fp:precise /Zc:wchar_t /Zc:forScope /Yu"StdAfx.h" /Fp"Debug\ADOConnetion.pch" /Fo"Debug\\" /Fd"Debug\vc100.pdb" /Gd /TP /analyze- /errorReport:prompt db_Operator.cpp
         db_Operator.cpp
       ManifestResourceCompile:
         所有输出均为最新。
       Link:
         c:\Program Files (x86)\Microsoft Visual Studio 10.0\VC\bin\link.exe /ERRORREPORT:PROMPT /OUT:"C:\Users\zhangzhizhi\Documents\Visual Studio 2010\Projects\ADOConnetion\Debug\ADOConnetion.exe" /INCREMENTAL /NOLOGO kernel32.lib user32.lib gdi32.lib winspool.lib comdlg32.lib advapi32.lib shell32.lib ole32.lib oleaut32.lib uuid.lib odbc32.lib odbccp32.lib /MANIFEST /ManifestFile:"Debug\ADOConnetion.exe.intermediate.manifest" /MANIFESTUAC:"level='asInvoker' uiAccess='false'" /DEBUG /PDB:"C:\Users\zhangzhizhi\Documents\Visual Studio 2010\Projects\ADOConnetion\Debug\ADOConnetion.pdb" /SUBSYSTEM:CONSOLE /TLBID:1 /DYNAMICBASE /NXCOMPAT /IMPLIB:"C:\Users\zhangzhizhi\Documents\Visual Studio 2010\Projects\ADOConnetion\Debug\ADOConnetion.lib" /MACHINE:X86 Debug\ADOConnetion.exe.embed.manifest.res
         Debug\ADOConnetion.obj
         Debug\db_Operator.obj
         Debug\stdafx.obj
       Manifest:
         C:\Program Files (x86)\Microsoft SDKs\Windows\v7.0A\bin\mt.exe /nologo /verbose /out:"Debug\ADOConnetion.exe.embed.manifest" /manifest Debug\ADOConnetion.exe.intermediate.manifest
         所有输出均为最新。
       LinkEmbedManifest:
         所有输出均为最新。
         ADOConnetion.vcxproj -> C:\Users\zhangzhizhi\Documents\Visual Studio 2010\Projects\ADOConnetion\Debug\ADOConnetion.exe
       FinalizeBuildStatus:
         正在删除文件“Debug\ADOConnetion.unsuccessfulbuild”。
         正在对“Debug\ADOConnetion.lastbuildstate”执行 Touch 任务。
     1>已完成生成项目“C:\Users\zhangzhizhi\Documents\Visual Studio 2010\Projects\ADOConnetion\ADOConnetion\ADOConnetion.vcxproj”(build 个目标)的操作。

生成成功。

已用时间 00:00:01.78
