生成启动时间为 2013/5/30 10:48:16。
     1>项目“C:\Users\zhangzhizhi\Documents\Visual Studio 2010\Projects\ADOConnetion\ADOConnetion\ADOConnetion.vcxproj”在节点 2 上(build 个目标)。
     1>PrepareForBuild:
         正在创建目录“C:\Users\zhangzhizhi\Documents\Visual Studio 2010\Projects\ADOConnetion\Release\”。
       InitializeBuildStatus:
         正在创建“Release\ADOConnetion.unsuccessfulbuild”，因为已指定“AlwaysCreate”。
       ClCompile:
         c:\Program Files (x86)\Microsoft Visual Studio 10.0\VC\bin\CL.exe /c /Zi /nologo /W3 /WX- /O2 /Oi /Oy- /GL /D WIN32 /D NDEBUG /D _CONSOLE /D _UNICODE /D UNICODE /Gm- /EHsc /MD /GS /Gy /fp:precise /Zc:wchar_t /Zc:forScope /Yc"StdAfx.h" /Fp"Release\ADOConnetion.pch" /Fo"Release\\" /Fd"Release\vc100.pdb" /Gd /TP /analyze- /errorReport:prompt stdafx.cpp
         stdafx.cpp
         c:\Program Files (x86)\Microsoft Visual Studio 10.0\VC\bin\CL.exe /c /Zi /nologo /W3 /WX- /O2 /Oi /Oy- /GL /D WIN32 /D NDEBUG /D _CONSOLE /D _UNICODE /D UNICODE /Gm- /EHsc /MD /GS /Gy /fp:precise /Zc:wchar_t /Zc:forScope /Yu"StdAfx.h" /Fp"Release\ADOConnetion.pch" /Fo"Release\\" /Fd"Release\vc100.pdb" /Gd /TP /analyze- /errorReport:prompt ADOConnetion.cpp db_Operator.cpp
         ADOConnetion.cpp
     1>ADOConnetion.cpp(24): warning C4996: 'scanf': This function or variable may be unsafe. Consider using scanf_s instead. To disable deprecation, use _CRT_SECURE_NO_WARNINGS. See online help for details.
                 c:\Program Files (x86)\Microsoft Visual Studio 10.0\VC\include\stdio.h(304) : 参见“scanf”的声明
     1>ADOConnetion.cpp(29): warning C4996: 'sprintf': This function or variable may be unsafe. Consider using sprintf_s instead. To disable deprecation, use _CRT_SECURE_NO_WARNINGS. See online help for details.
                 c:\Program Files (x86)\Microsoft Visual Studio 10.0\VC\include\stdio.h(371) : 参见“sprintf”的声明
     1>ADOConnetion.cpp(32): warning C4996: 'sprintf': This function or variable may be unsafe. Consider using sprintf_s instead. To disable deprecation, use _CRT_SECURE_NO_WARNINGS. See online help for details.
                 c:\Program Files (x86)\Microsoft Visual Studio 10.0\VC\include\stdio.h(371) : 参见“sprintf”的声明
     1>ADOConnetion.cpp(41): warning C4101: “e”: 未引用的局部变量
         db_Operator.cpp
       Link:
         c:\Program Files (x86)\Microsoft Visual Studio 10.0\VC\bin\link.exe /ERRORREPORT:PROMPT /OUT:"C:\Users\zhangzhizhi\Documents\Visual Studio 2010\Projects\ADOConnetion\Release\ADOConnetion.exe" /INCREMENTAL:NO /NOLOGO kernel32.lib user32.lib gdi32.lib winspool.lib comdlg32.lib advapi32.lib shell32.lib ole32.lib oleaut32.lib uuid.lib odbc32.lib odbccp32.lib /MANIFEST /ManifestFile:"Release\ADOConnetion.exe.intermediate.manifest" /MANIFESTUAC:"level='asInvoker' uiAccess='false'" /DEBUG /PDB:"C:\Users\zhangzhizhi\Documents\Visual Studio 2010\Projects\ADOConnetion\Release\ADOConnetion.pdb" /SUBSYSTEM:CONSOLE /OPT:REF /OPT:ICF /LTCG /TLBID:1 /DYNAMICBASE /NXCOMPAT /IMPLIB:"C:\Users\zhangzhizhi\Documents\Visual Studio 2010\Projects\ADOConnetion\Release\ADOConnetion.lib" /MACHINE:X86 Release\ADOConnetion.obj
         Release\db_Operator.obj
         Release\stdafx.obj
         正在生成代码
         已完成代码的生成
         ADOConnetion.vcxproj -> C:\Users\zhangzhizhi\Documents\Visual Studio 2010\Projects\ADOConnetion\Release\ADOConnetion.exe
       Manifest:
         C:\Program Files (x86)\Microsoft SDKs\Windows\v7.0A\bin\mt.exe /nologo /verbose /outputresource:"C:\Users\zhangzhizhi\Documents\Visual Studio 2010\Projects\ADOConnetion\Release\ADOConnetion.exe;#1" /manifest Release\ADOConnetion.exe.intermediate.manifest
       FinalizeBuildStatus:
         正在删除文件“Release\ADOConnetion.unsuccessfulbuild”。
         正在对“Release\ADOConnetion.lastbuildstate”执行 Touch 任务。
     1>已完成生成项目“C:\Users\zhangzhizhi\Documents\Visual Studio 2010\Projects\ADOConnetion\ADOConnetion\ADOConnetion.vcxproj”(build 个目标)的操作。

生成成功。

已用时间 00:00:02.28
