生成启动时间为 2013/5/29 10:09:42。
     1>项目“C:\Users\zhangzhizhi\Documents\Visual Studio 2010\Projects\ADOConnetion\ADOConnetion\ADOConnetion.vcxproj”在节点 2 上(build 个目标)。
     1>InitializeBuildStatus:
         正在创建“x64\Debug\ADOConnetion.unsuccessfulbuild”，因为已指定“AlwaysCreate”。
       ClCompile:
         所有输出均为最新。
         c:\Program Files (x86)\Microsoft Visual Studio 10.0\VC\bin\x86_amd64\CL.exe /c /I"C:\Program Files\Common Files\System\ado" /Zi /nologo /W3 /WX- /Od /D WIN32 /D _DEBUG /D _CONSOLE /D _UNICODE /D UNICODE /Gm /EHsc /RTC1 /MDd /GS /fp:precise /Zc:wchar_t /Zc:forScope /Yu"StdAfx.h" /Fp"x64\Debug\ADOConnetion.pch" /Fo"x64\Debug\\" /Fd"x64\Debug\vc100.pdb" /Gd /TP /errorReport:prompt db_Operator.cpp
         db_Operator.cpp
       ManifestResourceCompile:
         所有输出均为最新。
       Link:
         c:\Program Files (x86)\Microsoft Visual Studio 10.0\VC\bin\x86_amd64\link.exe /ERRORREPORT:PROMPT /OUT:"C:\Users\zhangzhizhi\Documents\Visual Studio 2010\Projects\ADOConnetion\x64\Debug\ADOConnetion.exe" /INCREMENTAL /NOLOGO kernel32.lib user32.lib gdi32.lib winspool.lib comdlg32.lib advapi32.lib shell32.lib ole32.lib oleaut32.lib uuid.lib odbc32.lib odbccp32.lib /MANIFEST /ManifestFile:"x64\Debug\ADOConnetion.exe.intermediate.manifest" /MANIFESTUAC:"level='asInvoker' uiAccess='false'" /DEBUG /PDB:"C:\Users\zhangzhizhi\Documents\Visual Studio 2010\Projects\ADOConnetion\x64\Debug\ADOConnetion.pdb" /SUBSYSTEM:CONSOLE /TLBID:1 /DYNAMICBASE /NXCOMPAT /IMPLIB:"C:\Users\zhangzhizhi\Documents\Visual Studio 2010\Projects\ADOConnetion\x64\Debug\ADOConnetion.lib" /MACHINE:X64 x64\Debug\ADOConnetion.exe.embed.manifest.res
         x64\Debug\ADOConnetion.obj
         x64\Debug\db_Operator.obj
         x64\Debug\stdafx.obj
         ADOConnetion.vcxproj -> C:\Users\zhangzhizhi\Documents\Visual Studio 2010\Projects\ADOConnetion\x64\Debug\ADOConnetion.exe
       Manifest:
         C:\Program Files (x86)\Microsoft SDKs\Windows\v7.0A\bin\mt.exe /nologo /verbose /out:"x64\Debug\ADOConnetion.exe.embed.manifest" /manifest x64\Debug\ADOConnetion.exe.intermediate.manifest
         所有输出均为最新。
       LinkEmbedManifest:
         所有输出均为最新。
         ADOConnetion.vcxproj -> C:\Users\zhangzhizhi\Documents\Visual Studio 2010\Projects\ADOConnetion\x64\Debug\ADOConnetion.exe
       FinalizeBuildStatus:
         正在删除文件“x64\Debug\ADOConnetion.unsuccessfulbuild”。
         正在对“x64\Debug\ADOConnetion.lastbuildstate”执行 Touch 任务。
     1>已完成生成项目“C:\Users\zhangzhizhi\Documents\Visual Studio 2010\Projects\ADOConnetion\ADOConnetion\ADOConnetion.vcxproj”(build 个目标)的操作。

生成成功。

已用时间 00:00:01.52
